app/build/outputs/logs/manifest-merger-debug-report.txt
-- Merging decision tree log ---
manifest
ADDED from src/main/AndroidManifest.xml:2:1-36:12
	package
		ADDED from src/main/AndroidManifest.xml:3:7-48
		INJECTED from src/main/AndroidManifest.xml
		INJECTED from src/main/AndroidManifest.xml
	android:versionName
		ADDED from src/main/AndroidManifest.xml:5:7-32
		INJECTED from src/main/AndroidManifest.xml
		INJECTED from src/main/AndroidManifest.xml
	android:versionCode
		ADDED from src/main/AndroidManifest.xml:4:7-30
		INJECTED from src/main/AndroidManifest.xml
		INJECTED from src/main/AndroidManifest.xml
	xmlns:android
		ADDED from src/main/AndroidManifest.xml:2:11-69
application
ADDED from src/main/AndroidManifest.xml:6:5-30:19
	android:label
		ADDED from src/main/AndroidManifest.xml:6:48-80
	android:icon
		ADDED from src/main/AndroidManifest.xml:6:18-47
activity#com.jonas.stopcollaboratelisten.Main
ADDED from src/main/AndroidManifest.xml:7:9-22:18
	android:label
		ADDED from src/main/AndroidManifest.xml:9:19-51
	android:name
		ADDED from src/main/AndroidManifest.xml:7:19-38
intent-filter#android.intent.action.MAIN+android.intent.category.LAUNCHER
ADDED from src/main/AndroidManifest.xml:10:13-13:29
action#android.intent.action.MAIN
ADDED from src/main/AndroidManifest.xml:11:17-69
	android:name
		ADDED from src/main/AndroidManifest.xml:11:25-66
category#android.intent.category.LAUNCHER
ADDED from src/main/AndroidManifest.xml:12:17-77
	android:name
		ADDED from src/main/AndroidManifest.xml:12:27-74
intent-filter#android.intent.action.SEND+android.intent.category.DEFAULT
ADDED from src/main/AndroidManifest.xml:16:4-20:30
	android:label
		ADDED from src/main/AndroidManifest.xml:16:19-56
action#android.intent.action.SEND
ADDED from src/main/AndroidManifest.xml:17:18-70
	android:name
		ADDED from src/main/AndroidManifest.xml:17:26-67
data
ADDED from src/main/AndroidManifest.xml:18:19-53
	android:mimeType
		ADDED from src/main/AndroidManifest.xml:18:25-50
category#android.intent.category.DEFAULT
ADDED from src/main/AndroidManifest.xml:19:19-78
	android:name
		ADDED from src/main/AndroidManifest.xml:19:29-75
service#com.jonas.stopcollaboratelisten.SessionService
ADDED from src/main/AndroidManifest.xml:24:7-28:17
	android:label
		ADDED from src/main/AndroidManifest.xml:27:8-44
	android:icon
		ADDED from src/main/AndroidManifest.xml:26:8-37
	android:name
		ADDED from src/main/AndroidManifest.xml:25:8-38
uses-sdk
ADDED from src/main/AndroidManifest.xml:32:5-71
	android:targetSdkVersion
		ADDED from src/main/AndroidManifest.xml:32:15-43
		INJECTED from src/main/AndroidManifest.xml
		INJECTED from src/main/AndroidManifest.xml
	android:minSdkVersion
		ADDED from src/main/AndroidManifest.xml:32:44-69
		INJECTED from src/main/AndroidManifest.xml
		INJECTED from src/main/AndroidManifest.xml
uses-permission#android.permission.RECORD_AUDIO
ADDED from src/main/AndroidManifest.xml:34:1-83
	android:name
		ADDED from src/main/AndroidManifest.xml:34:18-64